DEBUG:root:Opening the CSV file
DEBUG:root:Splitting the image in half horizontally
DEBUG:matplotlib.font_manager:findfont: Matching :family=sans-serif:style=normal:variant=normal:weight=normal:stretch=normal:size=10.0 to DejaVu Sans (u'/users/vozdecky/anaconda2/lib/python2.7/site-packages/matplotlib/mpl-data/fonts/ttf/DejaVuSans.ttf') with score of 0.050000
DEBUG:root:upper points: [5, 173, 635, 228]
DEBUG:root:lower points: [3, 28, 638, 83]
DEBUG:root:upper_stave_length = 630
DEBUG:root:upper_stave_width = 55
DEBUG:root:upper_module_length = 45.0
DEBUG:root:lower_stave_length = 635
DEBUG:root:lower_stave_width = 55
DEBUG:root:lower_module_length = 45.357142857142854
DEBUG:root:smallRegion_width = 8.0  [in millimetres]
DEBUG:root:pixelsSmallRegion = 2  [this is only half of the whole region]
DEBUG:root:TOP stave:
DEBUG:root:largeUpperRegion #1: [top_y,bottom_y,left_x,right_x] = [173, 200, 5, 50]
DEBUG:root:largeLowerRegion #1: [top_y,bottom_y,left_x,right_x] = [200, 228, 5, 50]
DEBUG:root:smallUpperRegion #1: [top_y,bottom_y,left_x,right_x] = [188, 192, 5, 50]
DEBUG:root:smallLowerRegion #1: [top_y,bottom_y,left_x,right_x] = [211, 215, 5, 50]
DEBUG:root:largeUpperRegion #2: [top_y,bottom_y,left_x,right_x] = [173, 200, 50, 95]
DEBUG:root:largeLowerRegion #2: [top_y,bottom_y,left_x,right_x] = [200, 228, 50, 95]
DEBUG:root:smallUpperRegion #2: [top_y,bottom_y,left_x,right_x] = [188, 192, 50, 95]
DEBUG:root:smallLowerRegion #2: [top_y,bottom_y,left_x,right_x] = [210, 214, 50, 95]
DEBUG:root:largeUpperRegion #3: [top_y,bottom_y,left_x,right_x] = [173, 200, 95, 140]
DEBUG:root:largeLowerRegion #3: [top_y,bottom_y,left_x,right_x] = [200, 228, 95, 140]
DEBUG:root:smallUpperRegion #3: [top_y,bottom_y,left_x,right_x] = [187, 191, 95, 140]
DEBUG:root:smallLowerRegion #3: [top_y,bottom_y,left_x,right_x] = [210, 214, 95, 140]
DEBUG:root:largeUpperRegion #4: [top_y,bottom_y,left_x,right_x] = [173, 200, 140, 185]
DEBUG:root:largeLowerRegion #4: [top_y,bottom_y,left_x,right_x] = [200, 228, 140, 185]
DEBUG:root:smallUpperRegion #4: [top_y,bottom_y,left_x,right_x] = [188, 192, 140, 185]
DEBUG:root:smallLowerRegion #4: [top_y,bottom_y,left_x,right_x] = [210, 214, 140, 185]
DEBUG:root:largeUpperRegion #5: [top_y,bottom_y,left_x,right_x] = [173, 200, 185, 230]
DEBUG:root:largeLowerRegion #5: [top_y,bottom_y,left_x,right_x] = [200, 228, 185, 230]
DEBUG:root:smallUpperRegion #5: [top_y,bottom_y,left_x,right_x] = [188, 192, 185, 230]
DEBUG:root:smallLowerRegion #5: [top_y,bottom_y,left_x,right_x] = [210, 214, 185, 230]
DEBUG:root:largeUpperRegion #6: [top_y,bottom_y,left_x,right_x] = [173, 200, 230, 275]
DEBUG:root:largeLowerRegion #6: [top_y,bottom_y,left_x,right_x] = [200, 228, 230, 275]
DEBUG:root:smallUpperRegion #6: [top_y,bottom_y,left_x,right_x] = [188, 192, 230, 275]
DEBUG:root:smallLowerRegion #6: [top_y,bottom_y,left_x,right_x] = [210, 214, 230, 275]
DEBUG:root:largeUpperRegion #7: [top_y,bottom_y,left_x,right_x] = [173, 200, 275, 320]
DEBUG:root:largeLowerRegion #7: [top_y,bottom_y,left_x,right_x] = [200, 228, 275, 320]
DEBUG:root:smallUpperRegion #7: [top_y,bottom_y,left_x,right_x] = [189, 193, 275, 320]
DEBUG:root:smallLowerRegion #7: [top_y,bottom_y,left_x,right_x] = [211, 215, 275, 320]
DEBUG:root:largeUpperRegion #8: [top_y,bottom_y,left_x,right_x] = [173, 200, 320, 365]
DEBUG:root:largeLowerRegion #8: [top_y,bottom_y,left_x,right_x] = [200, 228, 320, 365]
DEBUG:root:smallUpperRegion #8: [top_y,bottom_y,left_x,right_x] = [189, 193, 320, 365]
DEBUG:root:smallLowerRegion #8: [top_y,bottom_y,left_x,right_x] = [211, 215, 320, 365]
DEBUG:root:largeUpperRegion #9: [top_y,bottom_y,left_x,right_x] = [173, 200, 365, 410]
DEBUG:root:largeLowerRegion #9: [top_y,bottom_y,left_x,right_x] = [200, 228, 365, 410]
DEBUG:root:smallUpperRegion #9: [top_y,bottom_y,left_x,right_x] = [188, 192, 365, 410]
DEBUG:root:smallLowerRegion #9: [top_y,bottom_y,left_x,right_x] = [210, 214, 365, 410]
DEBUG:root:largeUpperRegion #10: [top_y,bottom_y,left_x,right_x] = [173, 200, 410, 455]
DEBUG:root:largeLowerRegion #10: [top_y,bottom_y,left_x,right_x] = [200, 228, 410, 455]
DEBUG:root:smallUpperRegion #10: [top_y,bottom_y,left_x,right_x] = [188, 192, 410, 455]
DEBUG:root:smallLowerRegion #10: [top_y,bottom_y,left_x,right_x] = [209, 213, 410, 455]
DEBUG:root:largeUpperRegion #11: [top_y,bottom_y,left_x,right_x] = [173, 200, 455, 500]
DEBUG:root:largeLowerRegion #11: [top_y,bottom_y,left_x,right_x] = [200, 228, 455, 500]
DEBUG:root:smallUpperRegion #11: [top_y,bottom_y,left_x,right_x] = [187, 191, 455, 500]
DEBUG:root:smallLowerRegion #11: [top_y,bottom_y,left_x,right_x] = [209, 213, 455, 500]
DEBUG:root:largeUpperRegion #12: [top_y,bottom_y,left_x,right_x] = [173, 200, 500, 545]
DEBUG:root:largeLowerRegion #12: [top_y,bottom_y,left_x,right_x] = [200, 228, 500, 545]
DEBUG:root:smallUpperRegion #12: [top_y,bottom_y,left_x,right_x] = [187, 191, 500, 545]
DEBUG:root:smallLowerRegion #12: [top_y,bottom_y,left_x,right_x] = [209, 213, 500, 545]
DEBUG:root:largeUpperRegion #13: [top_y,bottom_y,left_x,right_x] = [173, 200, 545, 590]
DEBUG:root:largeLowerRegion #13: [top_y,bottom_y,left_x,right_x] = [200, 228, 545, 590]
DEBUG:root:smallUpperRegion #13: [top_y,bottom_y,left_x,right_x] = [187, 191, 545, 590]
DEBUG:root:smallLowerRegion #13: [top_y,bottom_y,left_x,right_x] = [209, 213, 545, 590]
DEBUG:root:largeUpperRegion #14: [top_y,bottom_y,left_x,right_x] = [173, 200, 590, 635]
DEBUG:root:largeLowerRegion #14: [top_y,bottom_y,left_x,right_x] = [200, 228, 590, 635]
DEBUG:root:smallUpperRegion #14: [top_y,bottom_y,left_x,right_x] = [187, 191, 590, 635]
DEBUG:root:smallLowerRegion #14: [top_y,bottom_y,left_x,right_x] = [209, 213, 590, 635]
DEBUG:root:BOTTOM stave:
DEBUG:root:largeUpperRegion #1: [top_y,bottom_y,left_x,right_x] = [268, 295, 3, 48]
DEBUG:root:largeLowerRegion #1: [top_y,bottom_y,left_x,right_x] = [295, 323, 3, 48]
DEBUG:root:smallUpperRegion #1: [top_y,bottom_y,left_x,right_x] = [283, 287, 3, 48]
DEBUG:root:smallLowerRegion #1: [top_y,bottom_y,left_x,right_x] = [305, 309, 3, 48]
DEBUG:root:largeUpperRegion #2: [top_y,bottom_y,left_x,right_x] = [268, 295, 48, 93]
DEBUG:root:largeLowerRegion #2: [top_y,bottom_y,left_x,right_x] = [295, 323, 48, 93]
DEBUG:root:smallUpperRegion #2: [top_y,bottom_y,left_x,right_x] = [283, 287, 48, 93]
DEBUG:root:smallLowerRegion #2: [top_y,bottom_y,left_x,right_x] = [306, 310, 48, 93]
DEBUG:root:largeUpperRegion #3: [top_y,bottom_y,left_x,right_x] = [268, 295, 93, 139]
DEBUG:root:largeLowerRegion #3: [top_y,bottom_y,left_x,right_x] = [295, 323, 93, 139]
DEBUG:root:smallUpperRegion #3: [top_y,bottom_y,left_x,right_x] = [283, 287, 93, 139]
DEBUG:root:smallLowerRegion #3: [top_y,bottom_y,left_x,right_x] = [306, 310, 93, 139]
DEBUG:root:largeUpperRegion #4: [top_y,bottom_y,left_x,right_x] = [268, 295, 139, 184]
DEBUG:root:largeLowerRegion #4: [top_y,bottom_y,left_x,right_x] = [295, 323, 139, 184]
DEBUG:root:smallUpperRegion #4: [top_y,bottom_y,left_x,right_x] = [283, 287, 139, 184]
DEBUG:root:smallLowerRegion #4: [top_y,bottom_y,left_x,right_x] = [306, 310, 139, 184]
DEBUG:root:largeUpperRegion #5: [top_y,bottom_y,left_x,right_x] = [268, 295, 184, 229]
DEBUG:root:largeLowerRegion #5: [top_y,bottom_y,left_x,right_x] = [295, 323, 184, 229]
DEBUG:root:smallUpperRegion #5: [top_y,bottom_y,left_x,right_x] = [283, 287, 184, 229]
DEBUG:root:smallLowerRegion #5: [top_y,bottom_y,left_x,right_x] = [305, 309, 184, 229]
DEBUG:root:largeUpperRegion #6: [top_y,bottom_y,left_x,right_x] = [268, 295, 229, 275]
DEBUG:root:largeLowerRegion #6: [top_y,bottom_y,left_x,right_x] = [295, 323, 229, 275]
DEBUG:root:smallUpperRegion #6: [top_y,bottom_y,left_x,right_x] = [282, 286, 229, 275]
DEBUG:root:smallLowerRegion #6: [top_y,bottom_y,left_x,right_x] = [305, 309, 229, 275]
DEBUG:root:largeUpperRegion #7: [top_y,bottom_y,left_x,right_x] = [268, 295, 275, 320]
DEBUG:root:largeLowerRegion #7: [top_y,bottom_y,left_x,right_x] = [295, 323, 275, 320]
DEBUG:root:smallUpperRegion #7: [top_y,bottom_y,left_x,right_x] = [282, 286, 275, 320]
DEBUG:root:smallLowerRegion #7: [top_y,bottom_y,left_x,right_x] = [304, 308, 275, 320]
DEBUG:root:largeUpperRegion #8: [top_y,bottom_y,left_x,right_x] = [268, 295, 320, 365]
DEBUG:root:largeLowerRegion #8: [top_y,bottom_y,left_x,right_x] = [295, 323, 320, 365]
DEBUG:root:smallUpperRegion #8: [top_y,bottom_y,left_x,right_x] = [282, 286, 320, 365]
DEBUG:root:smallLowerRegion #8: [top_y,bottom_y,left_x,right_x] = [304, 308, 320, 365]
DEBUG:root:largeUpperRegion #9: [top_y,bottom_y,left_x,right_x] = [268, 295, 365, 411]
DEBUG:root:largeLowerRegion #9: [top_y,bottom_y,left_x,right_x] = [295, 323, 365, 411]
DEBUG:root:smallUpperRegion #9: [top_y,bottom_y,left_x,right_x] = [282, 286, 365, 411]
DEBUG:root:smallLowerRegion #9: [top_y,bottom_y,left_x,right_x] = [304, 308, 365, 411]
DEBUG:root:largeUpperRegion #10: [top_y,bottom_y,left_x,right_x] = [268, 295, 411, 456]
DEBUG:root:largeLowerRegion #10: [top_y,bottom_y,left_x,right_x] = [295, 323, 411, 456]
DEBUG:root:smallUpperRegion #10: [top_y,bottom_y,left_x,right_x] = [282, 286, 411, 456]
DEBUG:root:smallLowerRegion #10: [top_y,bottom_y,left_x,right_x] = [305, 309, 411, 456]
DEBUG:root:largeUpperRegion #11: [top_y,bottom_y,left_x,right_x] = [268, 295, 456, 501]
DEBUG:root:largeLowerRegion #11: [top_y,bottom_y,left_x,right_x] = [295, 323, 456, 501]
DEBUG:root:smallUpperRegion #11: [top_y,bottom_y,left_x,right_x] = [282, 286, 456, 501]
DEBUG:root:smallLowerRegion #11: [top_y,bottom_y,left_x,right_x] = [305, 309, 456, 501]
DEBUG:root:largeUpperRegion #12: [top_y,bottom_y,left_x,right_x] = [268, 295, 501, 547]
DEBUG:root:largeLowerRegion #12: [top_y,bottom_y,left_x,right_x] = [295, 323, 501, 547]
DEBUG:root:smallUpperRegion #12: [top_y,bottom_y,left_x,right_x] = [283, 287, 501, 547]
DEBUG:root:smallLowerRegion #12: [top_y,bottom_y,left_x,right_x] = [305, 309, 501, 547]
DEBUG:root:largeUpperRegion #13: [top_y,bottom_y,left_x,right_x] = [268, 295, 547, 592]
DEBUG:root:largeLowerRegion #13: [top_y,bottom_y,left_x,right_x] = [295, 323, 547, 592]
DEBUG:root:smallUpperRegion #13: [top_y,bottom_y,left_x,right_x] = [282, 286, 547, 592]
DEBUG:root:smallLowerRegion #13: [top_y,bottom_y,left_x,right_x] = [305, 309, 547, 592]
DEBUG:root:largeUpperRegion #14: [top_y,bottom_y,left_x,right_x] = [268, 295, 592, 638]
DEBUG:root:largeLowerRegion #14: [top_y,bottom_y,left_x,right_x] = [295, 323, 592, 638]
DEBUG:root:smallUpperRegion #14: [top_y,bottom_y,left_x,right_x] = [282, 286, 592, 638]
DEBUG:root:smallLowerRegion #14: [top_y,bottom_y,left_x,right_x] = [305, 309, 592, 638]
DEBUG:root:Importing variables from config file parameters.cfg:
DEBUG:root:temp_in = 39.8
DEBUG:root:temp_out = 39.2
DEBUG:root:c_liquid = 4200
DEBUG:root:z_cut = 8
DEBUG:root:flow_rate = 1.1
DEBUG:root:temperatureProfile = [0, 0.062, 0.114, 0.152, 0.188, 0.224, 0.26, 0.295, 0.33, 0.364, 0.398, 0.432, 0.466, 0.499, 0.533, 0.568, 0.603, 0.637, 0.672, 0.706, 0.74, 0.774, 0.807, 0.841, 0.873, 0.906, 0.937, 0.969, 1]
DEBUG:root:Tliquid = [39.8, 39.7628, 39.7316, 39.7088, 39.6872, 39.6656, 39.644, 39.623, 39.602, 39.5816, 39.5612, 39.5408, 39.5204, 39.5006, 39.4802, 39.4592, 39.4382, 39.4178, 39.3968, 39.376400000000004, 39.356, 39.3356, 39.3158, 39.2954, 39.2762, 39.2564, 39.2378, 39.2186, 39.2][scaled temperature profile, matched to the Tin and Tout variable]
DEBUG:root:flowRate_kgPerSec = 0.0183333333333
DEBUG:root:topStave_largeUpperRegion_temp = [35.71185793415638, 36.456045860082305, 36.08535969547325, 36.07664548148148, 35.95980325102881, 35.86066762139917, 36.27620100411523, 35.85296627983539, 35.94231163786009, 36.05858485596707, 36.274990436214, 36.381420164609054, 36.274003349794235, 35.99736911934156]
DEBUG:root:bottomStave_largeUpperRegion_temp = [34.460838880658436, 35.326537308641974, 35.512899339774556, 35.68074269958847, 35.94410367078189, 36.18010218196458, 36.374138559670776, 36.362756008230456, 36.24150095008051, 36.09921695473251, 36.00273172839507, 36.0801321336554, 36.009997744855966, 35.696582882447665]
DEBUG:root:topStave_largeLowerRegion_temp = [34.98992311111111, 36.14068130158731, 36.32875107142857, 36.434131373015866, 36.53843345238095, 36.535767, 36.646961198412704, 36.61237292063492, 36.57104646031746, 36.430375341269844, 36.29253952380952, 36.228558579365085, 36.1504286984127, 35.78424538888889]
DEBUG:root:bottomStave_largeLowerRegion_temp = [36.016824849206344, 36.920822119047614, 36.837052989130434, 36.96649126984126, 37.07143496825397, 36.97351344720497, 37.03607338888889, 36.87213155555556, 36.84435983695652, 36.87169232539683, 36.84270924603175, 36.80614895962733, 36.756539119047616, 36.34020653726708]
DEBUG:root:topStave_smallUpperRegion_temp = [36.72741016666666, 37.906024499999994, 37.95821411111111, 38.102284222222224, 38.25517638888889, 38.363549388888885, 38.468662944444446, 38.4330038888889, 38.333793388888886, 38.21815761111111, 38.1602935, 38.17468438888889, 38.18477022222222, 37.76951155555556]
DEBUG:root:bottomStave_smallUpperRegion_temp = [36.56191916666666, 37.44549255555555, 37.66798076086956, 37.797895000000004, 38.00181488888889, 38.04839690217391, 38.22948461111111, 38.23130016666667, 38.16288864130435, 38.04240472222222, 37.98431133333334, 38.108996413043485, 38.00034661111111, 37.69404798913044]
DEBUG:root:topStave_smallLowerRegion_temp = [36.232411222222225, 37.41140716666666, 37.63377033333333, 37.74878133333334, 37.88569094444444, 37.927959388888894, 38.09334366666666, 38.011262444444455, 38.019616722222224, 37.92122616666666, 37.89825727777778, 37.99286388888889, 37.993935111111114, 37.74542127777778]
DEBUG:root:bottomStave_smallLowerRegion_temp = [36.89562, 38.004376111111114, 38.15054548913044, 38.31549766666667, 38.434810166666665, 38.47521902173913, 38.46411150000001, 38.47159555555556, 38.351457880434786, 38.34167633333333, 38.249728166666664, 38.16295902173913, 38.20055405555556, 37.83411]
